Determining if the pthread_create exist failed with the following output:
Change Dir: /home/gl/catkin_ws/build/CMakeFiles/CMakeTmp

Run Build Command:"/usr/bin/make" "cmTC_b29fa/fast"
/usr/bin/make -f CMakeFiles/cmTC_b29fa.dir/build.make CMakeFiles/cmTC_b29fa.dir/build
make[1]: 进入目录“/home/gl/catkin_ws/build/CMakeFiles/CMakeTmp”
Building C object CMakeFiles/cmTC_b29fa.dir/CheckSymbolExists.c.o
/usr/bin/cc    -o CMakeFiles/cmTC_b29fa.dir/CheckSymbolExists.c.o   -c /home/gl/catkin_ws/build/CMakeFiles/CMakeTmp/CheckSymbolExists.c
Linking C executable cmTC_b29fa
/usr/bin/cmake -E cmake_link_script CMakeFiles/cmTC_b29fa.dir/link.txt --verbose=1
/usr/bin/cc      -rdynamic CMakeFiles/cmTC_b29fa.dir/CheckSymbolExists.c.o  -o cmTC_b29fa 
CMakeFiles/cmTC_b29fa.dir/CheckSymbolExists.c.o：在函数‘main’中：
CheckSymbolExists.c:(.text+0x1b)：对‘pthread_create’未定义的引用
collect2: error: ld returned 1 exit status
CMakeFiles/cmTC_b29fa.dir/build.make:97: recipe for target 'cmTC_b29fa' failed
make[1]: *** [cmTC_b29fa] Error 1
make[1]: 离开目录“/home/gl/catkin_ws/build/CMakeFiles/CMakeTmp”
Makefile:126: recipe for target 'cmTC_b29fa/fast' failed
make: *** [cmTC_b29fa/fast] Error 2

File /home/gl/catkin_ws/build/CMakeFiles/CMakeTmp/CheckSymbolExists.c:
/* */
#include <pthread.h>

int main(int argc, char** argv)
{
  (void)argv;
#ifndef pthread_create
  return ((int*)(&pthread_create))[argc];
#else
  (void)argc;
  return 0;
#endif
}

Determining if the function pthread_create exists in the pthreads failed with the following output:
Change Dir: /home/gl/catkin_ws/build/CMakeFiles/CMakeTmp

Run Build Command:"/usr/bin/make" "cmTC_d63ca/fast"
/usr/bin/make -f CMakeFiles/cmTC_d63ca.dir/build.make CMakeFiles/cmTC_d63ca.dir/build
make[1]: 进入目录“/home/gl/catkin_ws/build/CMakeFiles/CMakeTmp”
Building C object CMakeFiles/cmTC_d63ca.dir/CheckFunctionExists.c.o
/usr/bin/cc   -DCHECK_FUNCTION_EXISTS=pthread_create   -o CMakeFiles/cmTC_d63ca.dir/CheckFunctionExists.c.o   -c /usr/share/cmake-3.10/Modules/CheckFunctionExists.c
Linking C executable cmTC_d63ca
/usr/bin/cmake -E cmake_link_script CMakeFiles/cmTC_d63ca.dir/link.txt --verbose=1
/usr/bin/cc  -DCHECK_FUNCTION_EXISTS=pthread_create    -rdynamic CMakeFiles/cmTC_d63ca.dir/CheckFunctionExists.c.o  -o cmTC_d63ca -lpthreads 
/usr/bin/ld: 找不到 -lpthreads
collect2: error: ld returned 1 exit status
CMakeFiles/cmTC_d63ca.dir/build.make:97: recipe for target 'cmTC_d63ca' failed
make[1]: *** [cmTC_d63ca] Error 1
make[1]: 离开目录“/home/gl/catkin_ws/build/CMakeFiles/CMakeTmp”
Makefile:126: recipe for target 'cmTC_d63ca/fast' failed
make: *** [cmTC_d63ca/fast] Error 2


